#
# A fatal error has been detected by the Java Runtime Environment:
#
#  EXCEPTION_ACCESS_VIOLATION (0xc0000005) at pc=0x00007ffe57cf0bae, pid=12444, tid=12572
#
# JRE version:  (18.0.2.1+1) (build )
# Java VM: Java HotSpot(TM) 64-Bit Server VM (18.0.2.1+1-1, mixed mode, sharing, tiered, compressed oops, compressed class ptrs, g1 gc, windows-amd64)
# Problematic frame:
# V  [jvm.dll+0x2e0bae]
#
# No core dump will be written. Minidumps are not enabled by default on client versions of Windows
#
#

---------------  S U M M A R Y ------------

Command Line: 

Host: 11th Gen Intel(R) Core(TM) i3-1115G4 @ 3.00GHz, 4 cores, 7G,  Windows 10 , 64 bit Build 19041 (10.0.19041.4597)
Time: Wed Jul 31 22:30:43 2024 SE Asia Standard Time elapsed time: 0.021173 seconds (0d 0h 0m 0s)

---------------  T H R E A D  ---------------

Current thread (0x00000152e4d15940):  JavaThread "Unknown thread" [_thread_in_vm, id=12572, stack(0x00000029ec100000,0x00000029ec200000)]

Stack: [0x00000029ec100000,0x00000029ec200000],  sp=0x00000029ec1fefb0,  free space=1019k
Native frames: (J=compiled Java code, j=interpreted, Vv=VM code, C=native code)
V  [jvm.dll+0x2e0bae]
V  [jvm.dll+0x2e1021]
V  [jvm.dll+0x646136]
V  [jvm.dll+0x646360]
V  [jvm.dll+0x64581b]
V  [jvm.dll+0x640c86]
V  [jvm.dll+0x7c3344]
V  [jvm.dll+0x38be61]
V  [jvm.dll+0x7a2023]
V  [jvm.dll+0x40dc3f]
V  [jvm.dll+0x40f611]
C  [jli.dll+0x526b]
C  [ucrtbase.dll+0x21bb2]
C  [KERNEL32.DLL+0x17374]
C  [ntdll.dll+0x4cc91]


siginfo: EXCEPTION_ACCESS_VIOLATION (0xc0000005), reading address 0x0000000000000000


Registers:
RAX=0x000026b69a9544f8, RBX=0x0000000000000000, RCX=0x0000000000000000, RDX=0x00007ffe5832b401
RSP=0x00000029ec1fefb0, RBP=0x0000000000000001, RSI=0x0000000800a7f240, RDI=0x0000000000000000
R8 =0x0000000000000001, R9 =0x0000000000000001, R10=0x00000152e4dcf7d0, R11=0x0000000000000246
R12=0x0000000000000000, R13=0x0000000000000000, R14=0x0000000000000001, R15=0x00007ffe58068510
RIP=0x00007ffe57cf0bae, EFLAGS=0x0000000000010246

Top of Stack: (sp=0x00000029ec1fefb0)
0x00000029ec1fefb0:   000000000000000e 0000000000000000
0x00000029ec1fefc0:   0000000000760000 00007ffe58201f00
0x00000029ec1fefd0:   00000029ec1ff000 000000000000000d
0x00000029ec1fefe0:   00000029ec1ff100 0000000000000000
0x00000029ec1feff0:   000026b69a954478 0000000000000002
0x00000029ec1ff000:   000026b69a9544f8 0000000800000000
0x00000029ec1ff010:   0000000000000000 00007ffe57cf1021
0x00000029ec1ff020:   0000000000000048 0000000000000000
0x00000029ec1ff030:   0000000000000000 00000152e4dc2e40
0x00000029ec1ff040:   0000000800a7f238 0000002900000001
0x00000029ec1ff050:   0000000000000000 0000000000000000
0x00000029ec1ff060:   0000000000000000 0000000000000000
0x00000029ec1ff070:   0000000000000000 ffffffffffffff00
0x00000029ec1ff080:   00000152e4dcf400 00000152e4dcf400
0x00000029ec1ff090:   000026b69a955b68 0000000000000000
0x00000029ec1ff0a0:   0000000000000000 0000000000000000 

Instructions: (pc=0x00007ffe57cf0bae)
0x00007ffe57cf0aae:   00 48 83 c2 0f 48 c1 ea 03 48 63 d2 e8 d1 f3 35
0x00007ffe57cf0abe:   00 48 8b d8 48 85 c0 74 0b 89 38 eb 09 41 c6 04
0x00007ffe57cf0ace:   24 02 eb 22 33 db 49 83 7f 08 00 75 19 4c 63 84
0x00007ffe57cf0ade:   24 80 00 00 00 48 8d 4b 04 48 8b d5 e8 a1 f4 56
0x00007ffe57cf0aee:   00 49 89 5c 24 20 48 8b 9c 24 88 00 00 00 49 83
0x00007ffe57cf0afe:   3e 00 74 15 48 8b 54 24 28 48 8b ce e8 51 86 dd
0x00007ffe57cf0b0e:   ff 49 8b ce e8 29 86 dd ff 48 89 5e 20 48 8b 5c
0x00007ffe57cf0b1e:   24 70 4c 89 76 10 4c 89 6e 18 48 83 c4 30 41 5f
0x00007ffe57cf0b2e:   41 5e 41 5d 41 5c 5f 5e 5d c3 cc cc cc cc cc cc
0x00007ffe57cf0b3e:   cc cc 40 53 48 83 ec 20 48 8b d9 e8 72 40 36 00
0x00007ffe57cf0b4e:   48 8b 53 28 48 ff ca 48 03 d0 48 ff c8 48 f7 d0
0x00007ffe57cf0b5e:   48 23 c2 48 83 c4 20 5b c3 cc cc cc cc cc cc cc
0x00007ffe57cf0b6e:   cc cc 48 89 5c 24 10 48 89 6c 24 18 48 89 74 24
0x00007ffe57cf0b7e:   20 57 48 83 ec 60 48 8b 05 1d 85 81 00 48 33 c4
0x00007ffe57cf0b8e:   48 89 44 24 50 80 3d 05 1c 7e 00 00 0f b6 ea 48
0x00007ffe57cf0b9e:   8b f1 74 17 80 39 00 75 12 48 8b 0d f2 77 84 00
0x00007ffe57cf0bae:   48 8b 01 ff 50 20 48 8b d8 eb 08 48 8b 59 18 48
0x00007ffe57cf0bbe:   83 c3 04 48 83 3d 07 79 84 00 00 40 b7 01 74 0f
0x00007ffe57cf0bce:   48 8b d3 48 8d 0d c0 a4 63 00 e8 d3 73 f2 ff 48
0x00007ffe57cf0bde:   8d 54 24 20 48 8b cb e8 d6 73 3b 00 85 c0 74 19
0x00007ffe57cf0bee:   40 84 ed 74 14 48 8b d3 48 8d 0d c3 a4 63 00 e8
0x00007ffe57cf0bfe:   1e d2 ff ff 40 32 ff eb 7a 80 3e 03 75 20 48 8b
0x00007ffe57cf0c0e:   cb e8 1c 19 3b 00 84 c0 75 69 48 8b d3 48 8d 0d
0x00007ffe57cf0c1e:   ce a4 63 00 e8 f9 d1 ff ff 40 32 ff eb 55 48 8b
0x00007ffe57cf0c2e:   56 08 4c 8b 44 24 40 48 85 d2 74 05 49 3b d0 75
0x00007ffe57cf0c3e:   0b 48 63 44 24 34 48 39 46 10 74 37 40 32 ff 40
0x00007ffe57cf0c4e:   38 3d 27 30 85 00 74 1c 49 3b d0 48 8d 05 b0 a4
0x00007ffe57cf0c5e:   63 00 48 8d 0d c1 a4 63 00 48 0f 45 c8 e8 b0 d1
0x00007ffe57cf0c6e:   ff ff eb 0f 48 8b d3 48 8d 0d c4 a4 63 00 e8 9f
0x00007ffe57cf0c7e:   d1 ff ff 80 3d f3 2f 85 00 00 74 10 40 84 ff 75
0x00007ffe57cf0c8e:   0b c6 05 7b 97 86 00 01 b0 01 eb 04 40 0f b6 c7
0x00007ffe57cf0c9e:   48 8b 4c 24 50 48 33 cc e8 c5 e1 56 00 4c 8d 5c 



---------------  P R O C E S S  ---------------

Threads class SMR info:
_java_thread_list=0x00007ffe584ee550, length=0, elements={
}

Java Threads: ( => current thread )

Other Threads:
  0x00000152e4d74830 WorkerThread "GC Thread#0" [stack: 0x00000029ec200000,0x00000029ec300000] [id=12652]
  0x00000152e4d86d10 ConcurrentGCThread "G1 Main Marker" [stack: 0x00000029ec300000,0x00000029ec400000] [id=12604]
  0x00000152e4d87610 WorkerThread "G1 Conc#0" [stack: 0x00000029ec400000,0x00000029ec500000] [id=12588]
  0x00000152e4dc32c0 ConcurrentGCThread "G1 Refine#0" [stack: 0x00000029ec500000,0x00000029ec600000] [id=12696]
  0x00000152e4dc3ae0 ConcurrentGCThread "G1 Service" [stack: 0x00000029ec600000,0x00000029ec700000] [id=12740]

=>0x00000152e4d15940 (exited) JavaThread "Unknown thread" [_thread_in_vm, id=12572, stack(0x00000029ec100000,0x00000029ec200000)]

Threads with active compile tasks:

VM state: not at safepoint (not fully initialized)

VM Mutex/Monitor currently owned by a thread: None

Heap address: 0x0000000084c00000, size: 1972 MB, Compressed Oops mode: 32-bit

CDS archive(s) mapped at: [0x0000000000000000-0x0000000000000000-0x0000000000000000), size 0, SharedBaseAddress: 0x0000000800000000, ArchiveRelocationMode: 0.
Narrow klass base: 0x0000000000000000, Narrow klass shift: 0, Narrow klass range: 0x0

GC Precious Log:
 CardTable entry size: 512
 Card Set container configuration: InlinePtr #cards 5 size 8 Array Of Cards #cards 12 size 40 Howl #buckets 4 coarsen threshold 1843 Howl Bitmap #cards 512 size 80 coarsen threshold 460 Card regions per heap region 1 cards per card region 2048
 CPUs: 4 total, 4 available
 Memory: 7886M
 Large Page Support: Disabled
 NUMA Support: Disabled
 Compressed Oops: Enabled (32-bit)
 Heap Region Size: 1M
 Heap Min Capacity: 8M
 Heap Initial Capacity: 124M
 Heap Max Capacity: 1972M
 Pre-touch: Disabled
 Parallel Workers: 4
 Concurrent Workers: 1
 Concurrent Refinement Workers: 4
 Periodic GC: Disabled

Heap:
 garbage-first heap   total 126976K, used 0K [0x0000000084c00000, 0x0000000100000000)
  region size 1024K, 0 young (0K), 0 survivors (0K)

[error occurred during error reporting (printing heap information), id 0xc0000005, EXCEPTION_ACCESS_VIOLATION (0xc0000005) at pc=0x00007ffe58101839]

GC Heap History (0 events):
No events

Deoptimization events (0 events):
No events

Classes loaded (0 events):
No events

Classes unloaded (0 events):
No events

Classes redefined (0 events):
No events

Internal exceptions (0 events):
No events

VM Operations (0 events):
No events

Events (2 events):
Event: 0.007 Loaded shared library C:\Program Files\Java\jdk-18.0.2.1\bin\java.dll
Event: 0.007 Loaded shared library C:\Program Files\Java\jdk-18.0.2.1\bin\zip.dll


Dynamic libraries:
0x00007ff6c2250000 - 0x00007ff6c2260000 	C:\Program Files\Java\jdk-18.0.2.1\bin\java.exe
0x00007ffed3950000 - 0x00007ffed3b48000 	C:\WINDOWS\SYSTEM32\ntdll.dll
0x00007ffed2500000 - 0x00007ffed25c1000 	C:\WINDOWS\System32\KERNEL32.DLL
0x00007ffed10a0000 - 0x00007ffed1396000 	C:\WINDOWS\System32\KERNELBASE.dll
0x00007ffed13d0000 - 0x00007ffed14d0000 	C:\WINDOWS\System32\ucrtbase.dll
0x00007ffe586e0000 - 0x00007ffe586f8000 	C:\Program Files\Java\jdk-18.0.2.1\bin\jli.dll
0x00007ffed2030000 - 0x00007ffed20e0000 	C:\WINDOWS\System32\ADVAPI32.dll
0x00007ffed3870000 - 0x00007ffed390e000 	C:\WINDOWS\System32\msvcrt.dll
0x00007ffed2860000 - 0x00007ffed2900000 	C:\WINDOWS\System32\sechost.dll
0x00007ffed2100000 - 0x00007ffed2223000 	C:\WINDOWS\System32\RPCRT4.dll
0x00007ffed13a0000 - 0x00007ffed13c7000 	C:\WINDOWS\System32\bcrypt.dll
0x00007ffed1e60000 - 0x00007ffed1fff000 	C:\WINDOWS\System32\USER32.dll
0x00007ffec0660000 - 0x00007ffec08fa000 	C:\WINDOWS\WinSxS\amd64_microsoft.windows.common-controls_6595b64144ccf1df_6.0.19041.4355_none_60b8b9eb71f62e16\COMCTL32.dll
0x00007ffe586c0000 - 0x00007ffe586da000 	C:\Program Files\Java\jdk-18.0.2.1\bin\VCRUNTIME140.dll
0x00007ffed2000000 - 0x00007ffed202b000 	C:\WINDOWS\System32\GDI32.dll
0x00007ffed16d0000 - 0x00007ffed17e7000 	C:\WINDOWS\System32\gdi32full.dll
0x00007ffed1630000 - 0x00007ffed16cd000 	C:\WINDOWS\System32\msvcp_win.dll
0x00007ffed1070000 - 0x00007ffed1092000 	C:\WINDOWS\System32\win32u.dll
0x00007ffec8310000 - 0x00007ffec831a000 	C:\WINDOWS\SYSTEM32\VERSION.dll
0x00007ffed2420000 - 0x00007ffed244f000 	C:\WINDOWS\System32\IMM32.DLL
0x00007ffe5ec00000 - 0x00007ffe5ec0c000 	C:\Program Files\Java\jdk-18.0.2.1\bin\vcruntime140_1.dll
0x00007ffe58630000 - 0x00007ffe586bd000 	C:\Program Files\Java\jdk-18.0.2.1\bin\msvcp140.dll
0x00007ffe57a10000 - 0x00007ffe58621000 	C:\Program Files\Java\jdk-18.0.2.1\bin\server\jvm.dll
0x00007ffed29d0000 - 0x00007ffed29d8000 	C:\WINDOWS\System32\PSAPI.DLL
0x00007ffe57a00000 - 0x00007ffe57a09000 	C:\WINDOWS\SYSTEM32\WSOCK32.dll
0x00007ffed26d0000 - 0x00007ffed273b000 	C:\WINDOWS\System32\WS2_32.dll
0x00007ffeb9810000 - 0x00007ffeb9837000 	C:\WINDOWS\SYSTEM32\WINMM.dll
0x00007ffecf810000 - 0x00007ffecf822000 	C:\WINDOWS\SYSTEM32\kernel.appcore.dll
0x00007ffe579f0000 - 0x00007ffe579fa000 	C:\Program Files\Java\jdk-18.0.2.1\bin\jimage.dll
0x00007ffecf540000 - 0x00007ffecf724000 	C:\WINDOWS\SYSTEM32\DBGHELP.DLL
0x00007ffeaa360000 - 0x00007ffeaa394000 	C:\WINDOWS\SYSTEM32\dbgcore.DLL
0x00007ffed1840000 - 0x00007ffed18c2000 	C:\WINDOWS\System32\bcryptPrimitives.dll
0x00007ffe579c0000 - 0x00007ffe579e5000 	C:\Program Files\Java\jdk-18.0.2.1\bin\java.dll
0x00007ffe579a0000 - 0x00007ffe579b8000 	C:\Program Files\Java\jdk-18.0.2.1\bin\zip.dll

dbghelp: loaded successfully - version: 4.0.5 - missing functions: none
symbol engine: initialized successfully - sym options: 0x614 - pdb path: .;C:\Program Files\Java\jdk-18.0.2.1\bin;C:\WINDOWS\SYSTEM32;C:\WINDOWS\WinSxS\amd64_microsoft.windows.common-controls_6595b64144ccf1df_6.0.19041.4355_none_60b8b9eb71f62e16;C:\Program Files\Java\jdk-18.0.2.1\bin\server

VM Arguments:
java_command: <unknown>
java_class_path (initial): <not set>
Launcher Type: SUN_STANDARD

[Global flags]
     intx CICompilerCount                          = 3                                         {product} {ergonomic}
     uint ConcGCThreads                            = 1                                         {product} {ergonomic}
     uint G1ConcRefinementThreads                  = 4                                         {product} {ergonomic}
   size_t G1HeapRegionSize                         = 1048576                                   {product} {ergonomic}
    uintx GCDrainStackTargetSize                   = 64                                        {product} {ergonomic}
   size_t InitialHeapSize                          = 130023424                                 {product} {ergonomic}
   size_t MarkStackSize                            = 4194304                                   {product} {ergonomic}
   size_t MaxHeapSize                              = 2067791872                                {product} {ergonomic}
   size_t MaxNewSize                               = 1240465408                                {product} {ergonomic}
   size_t MinHeapDeltaBytes                        = 1048576                                   {product} {ergonomic}
   size_t MinHeapSize                              = 8388608                                   {product} {ergonomic}
    uintx NonNMethodCodeHeapSize                   = 5832780                                {pd product} {ergonomic}
    uintx NonProfiledCodeHeapSize                  = 122912730                              {pd product} {ergonomic}
    uintx ProfiledCodeHeapSize                     = 122912730                              {pd product} {ergonomic}
    uintx ReservedCodeCacheSize                    = 251658240                              {pd product} {ergonomic}
     bool SegmentedCodeCache                       = true                                      {product} {ergonomic}
   size_t SoftMaxHeapSize                          = 2067791872                             {manageable} {ergonomic}
     bool UseCompressedClassPointers               = true                           {product lp64_product} {ergonomic}
     bool UseCompressedOops                        = true                           {product lp64_product} {ergonomic}
     bool UseG1GC                                  = true                                      {product} {ergonomic}
     bool UseLargePagesIndividualAllocation        = false                                  {pd product} {ergonomic}

Logging:
Log output configuration:
 #0: stdout all=warning uptime,level,tags foldmultilines=false
 #1: stderr all=off uptime,level,tags foldmultilines=false

Environment Variables:
JAVA_HOME=C:\Program Files\Java\jdk-18.0.2.1
PATH=C:\Program Files\Common Files\Oracle\Java\javapath;C:\WINDOWS\system32;C:\WINDOWS;C:\WINDOWS\System32\Wbem;C:\WINDOWS\System32\WindowsPowerShell\v1.0\;C:\WINDOWS\System32\OpenSSH\;C:\xampp\php;D:\Xampp\php;D:\JavaOOP;D:\smt 4\pak pras\flutter_windows_3.7.0-stable\flutter\bin;D:\sdk\android;C:\Program Files\Java\jdk-18.0.2.1\bin;C:\Program Files\Java\jdk-18.0.2.1\lib\tools.jar;C:\ProgramData\ComposerSetup\bin;D:\Git\cmd;C:\Program Files\nodejs;C:\Program Files\nodejs\;C:\Users\ASUS.LAPTOP-DQPBH9Q3\AppData\Local\Programs\Python\Python312\Scripts\;C:\Users\ASUS.LAPTOP-DQPBH9Q3\AppData\Local\Programs\Python\Python312\;C:\Users\ASUS.LAPTOP-DQPBH9Q3\AppData\Local\Microsoft\WindowsApps;C:\src\flutter\bin;C:\Users\ASUS.LAPTOP-DQPBH9Q3\AppData\Roaming\Composer\vendor\bin;C:\Users\ASUS.LAPTOP-DQPBH9Q3\AppData\Local\Programs\Microsoft VS Code2\bin;C:\Users\ASUS.LAPTOP-DQPBH9Q3\AppData\Roaming\npm
USERNAME=ASUS
OS=Windows_NT
PROCESSOR_IDENTIFIER=Intel64 Family 6 Model 140 Stepping 1, GenuineIntel



---------------  S Y S T E M  ---------------

OS:
 Windows 10 , 64 bit Build 19041 (10.0.19041.4597)
OS uptime: 0 days 0:00 hours

CPU: total 4 (initial active 4) (2 cores per cpu, 2 threads per core) family 6 model 140 stepping 1 microcode 0x86, cx8, cmov, fxsr, ht, mmx, 3dnowpref, sse, sse2, sse3, ssse3, sse4.1, sse4.2, popcnt, lzcnt, tsc, tscinvbit, avx, avx2, aes, erms, clmul, bmi1, bmi2, adx, avx512f, avx512dq, avx512cd, avx512bw, avx512vl, sha, fma, vzeroupper, avx512_vpopcntdq, avx512_vpclmulqdq, avx512_vaes, avx512_vnni, clflush, clflushopt, clwb, avx512_vbmi2, avx512_vbmi

Memory: 4k page, system-wide physical 7886M (2031M free)
TotalPageFile size 13518M (AvailPageFile size 7792M)
current process WorkingSet (physical memory assigned to process): 11M, peak: 11M
current process commit charge ("private bytes"): 192M, peak: 192M

vm_info: Java HotSpot(TM) 64-Bit Server VM (18.0.2.1+1-1) for windows-amd64 JRE (18.0.2.1+1-1), built on Aug 16 2022 01:46:33 by "mach5one" with MS VC++ 16.8 / 16.9 (VS2019)

END.
